app/build/outputs/logs/manifest-merger-release-report.txt
-- Merging decision tree log ---
manifest
ADDED from src\main\AndroidManifest.xml:2:1-205:12
	package
		ADDED from src\main\AndroidManifest.xml:4:5-35
		INJECTED from src\main\AndroidManifest.xml
		INJECTED from src\main\AndroidManifest.xml
	android:versionName
		ADDED from src\main\AndroidManifest.xml:7:5-34
		INJECTED from src\main\AndroidManifest.xml
		INJECTED from src\main\AndroidManifest.xml
	xmlns:tools
		ADDED from src\main\AndroidManifest.xml:3:5-51
	android:versionCode
		ADDED from src\main\AndroidManifest.xml:5:5-29
		INJECTED from src\main\AndroidManifest.xml
		INJECTED from src\main\AndroidManifest.xml
	xmlns:android
		ADDED from src\main\AndroidManifest.xml:2:11-69
	android:anyDensity
		ADDED from src\main\AndroidManifest.xml:6:5-30
uses-sdk
ADDED from src\main\AndroidManifest.xml:9:5-11:41
MERGED from [com.github.CymChad:BaseRecyclerViewAdapterHelper:2.8.6] AndroidManifest.xml:7:5-9:41
MERGED from [com.android.support:design:25.2.0] AndroidManifest.xml:21:5-23:62
MERGED from [com.android.support:recyclerview-v7:25.2.0] AndroidManifest.xml:20:5-43
MERGED from [com.android.support:transition:25.2.0] AndroidManifest.xml:20:5-44
MERGED from [com.github.delight-im:Android-AdvancedWebView:v3.0.0] AndroidManifest.xml:5:5-7:41
MERGED from [me.yokeyword:fragmentation:0.10.1] AndroidManifest.xml:5:5-7:41
MERGED from [com.android.support:percent:25.2.0] AndroidManifest.xml:20:5-43
MERGED from [com.youth.banner:banner:1.4.9] AndroidManifest.xml:7:5-9:41
MERGED from [com.bigkoo:alertview:1.0.2] AndroidManifest.xml:7:5-9:41
MERGED from [com.yanzhenjie:permission:1.0.5] AndroidManifest.xml:21:5-23:41
MERGED from [com.yanzhenjie.alertdialog:alertdialog:1.0.0] AndroidManifest.xml:6:5-8:41
MERGED from [com.kaopiz:kprogresshud:1.0.2] AndroidManifest.xml:7:5-9:41
MERGED from [cn.qqtheme.framework:WheelPicker:1.4.3] AndroidManifest.xml:8:5-10:41
MERGED from [cn.qqtheme.framework:Common:1.4.3] AndroidManifest.xml:8:5-10:41
MERGED from [com.github.zcweng:switch-button:0.0.3] AndroidManifest.xml:7:5-9:41
MERGED from [com.wanjian:cockroach:0.0.5] AndroidManifest.xml:7:5-9:41
MERGED from [com.vise.xiaoyaoyou:xsnow:1.0.1] AndroidManifest.xml:7:5-9:41
MERGED from [com.vise.xiaoyaoyou:viseutils:1.0.0] AndroidManifest.xml:7:5-9:41
MERGED from [com.vise.xiaoyaoyou:viselog:1.0.0] AndroidManifest.xml:7:5-9:41
MERGED from [WoSport4:calendarlibrary:1.4.3] AndroidManifest.xml:8:5-10:41
MERGED from [com.vise.xiaoyaoyou:sweetdialog:1.4.3] AndroidManifest.xml:7:5-9:41
MERGED from [com.pnikosis:materialish-progress:1.0] AndroidManifest.xml:7:5-9:41
MERGED from [WoSport4:takephoto_library:1.4.3] AndroidManifest.xml:7:5-9:41
MERGED from [com.soundcloud.android.crop:lib_crop:1.0.0] AndroidManifest.xml:8:5-10:41
MERGED from [com.darsh.multipleimageselect:multipleimageselect:1.0.4] AndroidManifest.xml:7:5-9:41
MERGED from [com.android.support:appcompat-v7:25.2.0] AndroidManifest.xml:21:5-23:78
MERGED from [com.android.support:animated-vector-drawable:25.2.0] AndroidManifest.xml:20:5-44
MERGED from [com.android.support:support-vector-drawable:25.2.0] AndroidManifest.xml:21:5-43
MERGED from [me.shaohui.advancedluban:library:1.3.2] AndroidManifest.xml:7:5-9:41
MERGED from [com.android.support:support-v4:26.0.0-alpha1] AndroidManifest.xml:21:5-23:54
MERGED from [com.android.support:support-media-compat:26.0.0-alpha1] AndroidManifest.xml:21:5-23:63
MERGED from [com.android.support:support-fragment:26.0.0-alpha1] AndroidManifest.xml:21:5-23:60
MERGED from [com.android.support:support-core-ui:26.0.0-alpha1] AndroidManifest.xml:21:5-23:58
MERGED from [com.android.support:support-core-utils:26.0.0-alpha1] AndroidManifest.xml:21:5-23:61
MERGED from [com.android.support:support-compat:26.0.0-alpha1] AndroidManifest.xml:21:5-23:58
MERGED from [io.reactivex:rxandroid:1.2.1] AndroidManifest.xml:19:5-43
MERGED from [com.white.countdownbutton:countdownbtn:1.0.1] AndroidManifest.xml:7:5-9:41
	tools:overrideLibrary
		ADDED from [com.android.support:design:25.2.0] AndroidManifest.xml:23:9-59
	android:targetSdkVersion
		ADDED from src\main\AndroidManifest.xml:11:9-38
		INJECTED from src\main\AndroidManifest.xml
		INJECTED from src\main\AndroidManifest.xml
	android:minSdkVersion
		ADDED from src\main\AndroidManifest.xml:10:9-34
		INJECTED from src\main\AndroidManifest.xml
		INJECTED from src\main\AndroidManifest.xml
uses-permission#android.permission.ACCESS_NETWORK_STATE
ADDED from src\main\AndroidManifest.xml:13:5-79
MERGED from [com.vise.xiaoyaoyou:xsnow:1.0.1] AndroidManifest.xml:12:5-79
	android:name
		ADDED from src\main\AndroidManifest.xml:13:22-76
uses-permission#android.permission.ACCESS_WIFI_STATE
ADDED from src\main\AndroidManifest.xml:15:5-76
MERGED from [com.vise.xiaoyaoyou:viseutils:1.0.0] AndroidManifest.xml:11:5-76
	android:name
		ADDED from src\main\AndroidManifest.xml:15:22-73
uses-permission#android.permission.INTERNET
ADDED from src\main\AndroidManifest.xml:17:5-67
MERGED from [com.vise.xiaoyaoyou:xsnow:1.0.1] AndroidManifest.xml:11:5-67
	android:name
		ADDED from src\main\AndroidManifest.xml:17:22-64
uses-permission#android.permission.WRITE_SETTINGS
ADDED from src\main\AndroidManifest.xml:18:5-73
	android:name
		ADDED from src\main\AndroidManifest.xml:18:22-70
uses-permission#android.permission.READ_PHONE_STATE
ADDED from src\main\AndroidManifest.xml:19:5-75
	android:name
		ADDED from src\main\AndroidManifest.xml:19:22-72
uses-permission#android.permission.MODIFY_AUDIO_SETTINGS
ADDED from src\main\AndroidManifest.xml:20:5-80
	android:name
		ADDED from src\main\AndroidManifest.xml:20:22-77
uses-permission#android.permission.WAKE_LOCK
ADDED from src\main\AndroidManifest.xml:23:5-68
	android:name
		ADDED from src\main\AndroidManifest.xml:23:22-65
uses-permission#android.permission.READ_EXTERNAL_STORAGE
ADDED from src\main\AndroidManifest.xml:24:5-80
MERGED from [com.vise.xiaoyaoyou:xsnow:1.0.1] AndroidManifest.xml:14:5-80
MERGED from [com.darsh.multipleimageselect:multipleimageselect:1.0.4] AndroidManifest.xml:11:5-80
	android:name
		ADDED from src\main\AndroidManifest.xml:24:22-77
uses-permission#android.permission.ACCESS_FINE_LOCATION
ADDED from src\main\AndroidManifest.xml:27:6-79
	android:name
		ADDED from src\main\AndroidManifest.xml:27:23-77
uses-permission#android.permission.RECORD_AUDIO
ADDED from src\main\AndroidManifest.xml:28:5-70
	android:name
		ADDED from src\main\AndroidManifest.xml:28:22-68
uses-permission#android.permission.WRITE_EXTERNAL_STORAGE
ADDED from src\main\AndroidManifest.xml:30:5-81
MERGED from [com.vise.xiaoyaoyou:xsnow:1.0.1] AndroidManifest.xml:13:5-81
MERGED from [WoSport4:takephoto_library:1.4.3] AndroidManifest.xml:11:5-81
	android:name
		ADDED from src\main\AndroidManifest.xml:30:22-78
uses-permission#android.permission.ACCESS_COARSE_LOCATION
ADDED from src\main\AndroidManifest.xml:33:5-81
	android:name
		ADDED from src\main\AndroidManifest.xml:33:22-78
uses-permission#android.permission.ACCESS_LOCATION_EXTRA_COMMANDS
ADDED from src\main\AndroidManifest.xml:38:5-89
	android:name
		ADDED from src\main\AndroidManifest.xml:38:22-86
uses-permission#android.permission.CHANGE_WIFI_STATE
ADDED from src\main\AndroidManifest.xml:40:5-76
	android:name
		ADDED from src\main\AndroidManifest.xml:40:22-73
uses-permission#android.permission.BLUETOOTH
ADDED from src\main\AndroidManifest.xml:58:5-84
	android:name
		ADDED from src\main\AndroidManifest.xml:58:22-65
uses-permission#android.permission.BLUETOOTH_ADMIN
ADDED from src\main\AndroidManifest.xml:59:5-90
	android:name
		ADDED from src\main\AndroidManifest.xml:59:22-71
application
ADDED from src\main\AndroidManifest.xml:62:5-203:19
MERGED from [com.android.support:design:25.2.0] AndroidManifest.xml:25:5-20
MERGED from [com.android.support:transition:25.2.0] AndroidManifest.xml:22:5-20
MERGED from [com.github.delight-im:Android-AdvancedWebView:v3.0.0] AndroidManifest.xml:9:5-20
MERGED from [me.yokeyword:fragmentation:0.10.1] AndroidManifest.xml:9:5-20
MERGED from [com.android.support:percent:25.2.0] AndroidManifest.xml:22:5-20
MERGED from [com.kaopiz:kprogresshud:1.0.2] AndroidManifest.xml:11:5-13:38
MERGED from [com.vise.xiaoyaoyou:xsnow:1.0.1] AndroidManifest.xml:16:5-21:19
MERGED from [com.vise.xiaoyaoyou:viselog:1.0.0] AndroidManifest.xml:11:5-15:19
MERGED from [WoSport4:calendarlibrary:1.4.3] AndroidManifest.xml:12:5-20
MERGED from [com.vise.xiaoyaoyou:sweetdialog:1.4.3] AndroidManifest.xml:11:5-20
MERGED from [com.pnikosis:materialish-progress:1.0] AndroidManifest.xml:11:5-15:19
MERGED from [WoSport4:takephoto_library:1.4.3] AndroidManifest.xml:14:5-26:19
MERGED from [com.darsh.multipleimageselect:multipleimageselect:1.0.4] AndroidManifest.xml:13:5-34:19
MERGED from [com.android.support:appcompat-v7:25.2.0] AndroidManifest.xml:25:5-20
MERGED from [com.android.support:animated-vector-drawable:25.2.0] AndroidManifest.xml:22:5-20
MERGED from [com.android.support:support-vector-drawable:25.2.0] AndroidManifest.xml:23:5-20
MERGED from [com.android.support:support-v4:26.0.0-alpha1] AndroidManifest.xml:29:5-20
MERGED from [com.android.support:support-media-compat:26.0.0-alpha1] AndroidManifest.xml:29:5-20
MERGED from [com.android.support:support-fragment:26.0.0-alpha1] AndroidManifest.xml:29:5-20
MERGED from [com.android.support:support-core-ui:26.0.0-alpha1] AndroidManifest.xml:29:5-20
MERGED from [com.android.support:support-core-utils:26.0.0-alpha1] AndroidManifest.xml:29:5-20
MERGED from [com.android.support:support-compat:26.0.0-alpha1] AndroidManifest.xml:29:5-20
MERGED from [com.white.countdownbutton:countdownbtn:1.0.1] AndroidManifest.xml:11:5-15:19
	android:label
		ADDED from src\main\AndroidManifest.xml:65:9-41
	android:supportsRtl
		ADDED from [com.kaopiz:kprogresshud:1.0.2] AndroidManifest.xml:13:9-35
	android:allowBackup
		ADDED from src\main\AndroidManifest.xml:63:9-35
	android:icon
		ADDED from src\main\AndroidManifest.xml:64:9-38
		REJECTED from [com.pnikosis:materialish-progress:1.0] AndroidManifest.xml:13:9-45
	android:persistent
		ADDED from src\main\AndroidManifest.xml:68:9-34
	android:theme
		ADDED from src\main\AndroidManifest.xml:66:9-40
	tools:replace
		ADDED from src\main\AndroidManifest.xml:69:9-52
	android:name
		ADDED from src\main\AndroidManifest.xml:67:9-48
service#com.amap.api.location.APSService
ADDED from src\main\AndroidManifest.xml:71:9-73:19
	android:name
		ADDED from src\main\AndroidManifest.xml:72:13-60
service#com.yhrjkf.woyundong.service.NotificationService
ADDED from src\main\AndroidManifest.xml:75:9-64
	android:name
		ADDED from src\main\AndroidManifest.xml:75:18-61
meta-data#com.amap.api.v2.apikey
ADDED from src\main\AndroidManifest.xml:77:9-79:63
	android:value
		ADDED from src\main\AndroidManifest.xml:79:13-61
	android:name
		ADDED from src\main\AndroidManifest.xml:78:13-50
activity#com.yhrjkf.woyundong.activity.LaunchActivity
ADDED from src\main\AndroidManifest.xml:81:9-92:20
	android:screenOrientation
		ADDED from src\main\AndroidManifest.xml:86:13-49
	android:label
		ADDED from src\main\AndroidManifest.xml:83:13-45
	android:launchMode
		ADDED from src\main\AndroidManifest.xml:84:13-44
	android:theme
		ADDED from src\main\AndroidManifest.xml:85:13-47
	android:name
		ADDED from src\main\AndroidManifest.xml:82:13-72
intent-filter#android.intent.action.MAIN+android.intent.category.LAUNCHER
ADDED from src\main\AndroidManifest.xml:88:13-91:29
action#android.intent.action.MAIN
ADDED from src\main\AndroidManifest.xml:89:17-69
	android:name
		ADDED from src\main\AndroidManifest.xml:89:25-66
category#android.intent.category.LAUNCHER
ADDED from src\main\AndroidManifest.xml:90:17-77
	android:name
		ADDED from src\main\AndroidManifest.xml:90:27-74
activity#com.yhrjkf.woyundong.activity.MainActivity
ADDED from src\main\AndroidManifest.xml:93:10-102:20
	android:screenOrientation
		ADDED from src\main\AndroidManifest.xml:96:13-49
	android:label
		ADDED from src\main\AndroidManifest.xml:95:13-45
	android:launchMode
		ADDED from src\main\AndroidManifest.xml:97:13-44
	android:name
		ADDED from src\main\AndroidManifest.xml:94:13-70
intent-filter#android.intent.category.LAUNCHER+com.yhrjkf.woyundong.activity.action.RETURN
ADDED from src\main\AndroidManifest.xml:98:14-101:30
action#com.yhrjkf.woyundong.activity.action.RETURN
ADDED from src\main\AndroidManifest.xml:99:18-87
	android:name
		ADDED from src\main\AndroidManifest.xml:99:26-84
activity#com.yhrjkf.woyundong.activity.LoginActivity
ADDED from src\main\AndroidManifest.xml:104:9-110:20
	android:screenOrientation
		ADDED from src\main\AndroidManifest.xml:107:13-49
	android:label
		ADDED from src\main\AndroidManifest.xml:106:13-45
	android:launchMode
		ADDED from src\main\AndroidManifest.xml:108:13-44
	android:name
		ADDED from src\main\AndroidManifest.xml:105:13-71
activity#com.yhrjkf.woyundong.activity.RegisterActivity
ADDED from src\main\AndroidManifest.xml:111:10-117:20
	android:screenOrientation
		ADDED from src\main\AndroidManifest.xml:114:13-49
	android:label
		ADDED from src\main\AndroidManifest.xml:113:13-45
	android:launchMode
		ADDED from src\main\AndroidManifest.xml:115:13-44
	android:name
		ADDED from src\main\AndroidManifest.xml:112:13-74
activity#com.yhrjkf.woyundong.activity.PersonalActivity
ADDED from src\main\AndroidManifest.xml:118:9-124:20
	android:screenOrientation
		ADDED from src\main\AndroidManifest.xml:121:13-49
	android:label
		ADDED from src\main\AndroidManifest.xml:120:13-45
	android:launchMode
		ADDED from src\main\AndroidManifest.xml:122:13-44
	android:name
		ADDED from src\main\AndroidManifest.xml:119:13-74
activity#com.yhrjkf.woyundong.activity.KeepLiveActivity
ADDED from src\main\AndroidManifest.xml:126:9-133:52
	android:excludeFromRecents
		ADDED from src\main\AndroidManifest.xml:128:13-46
	android:launchMode
		ADDED from src\main\AndroidManifest.xml:131:13-48
	android:exported
		ADDED from src\main\AndroidManifest.xml:129:13-37
	android:configChanges
		ADDED from src\main\AndroidManifest.xml:127:13-94
	android:finishOnTaskLaunch
		ADDED from src\main\AndroidManifest.xml:130:13-47
	android:theme
		ADDED from src\main\AndroidManifest.xml:133:13-49
	android:taskAffinity
		ADDED from src\main\AndroidManifest.xml:132:13-53
	android:name
		ADDED from src\main\AndroidManifest.xml:126:19-60
activity#com.yhrjkf.woyundong.activity.NewRecordActivity
ADDED from src\main\AndroidManifest.xml:135:9-141:20
	android:screenOrientation
		ADDED from src\main\AndroidManifest.xml:138:13-49
	android:label
		ADDED from src\main\AndroidManifest.xml:137:13-45
	android:launchMode
		ADDED from src\main\AndroidManifest.xml:139:13-44
	android:name
		ADDED from src\main\AndroidManifest.xml:136:13-75
activity#com.yhrjkf.woyundong.activity.NickNameActivity
ADDED from src\main\AndroidManifest.xml:143:9-149:20
	android:screenOrientation
		ADDED from src\main\AndroidManifest.xml:146:13-49
	android:label
		ADDED from src\main\AndroidManifest.xml:145:13-45
	android:launchMode
		ADDED from src\main\AndroidManifest.xml:147:13-42
	android:name
		ADDED from src\main\AndroidManifest.xml:144:13-74
activity#com.yhrjkf.woyundong.activity.EmailActivity
ADDED from src\main\AndroidManifest.xml:150:9-156:20
	android:screenOrientation
		ADDED from src\main\AndroidManifest.xml:153:13-49
	android:label
		ADDED from src\main\AndroidManifest.xml:152:13-45
	android:launchMode
		ADDED from src\main\AndroidManifest.xml:154:13-42
	android:name
		ADDED from src\main\AndroidManifest.xml:151:13-71
activity#com.yhrjkf.woyundong.activity.OpinionActivity
ADDED from src\main\AndroidManifest.xml:157:9-163:20
	android:screenOrientation
		ADDED from src\main\AndroidManifest.xml:160:13-49
	android:label
		ADDED from src\main\AndroidManifest.xml:159:13-45
	android:launchMode
		ADDED from src\main\AndroidManifest.xml:161:13-44
	android:name
		ADDED from src\main\AndroidManifest.xml:158:13-73
activity#com.yhrjkf.woyundong.activity.SignatureActivity
ADDED from src\main\AndroidManifest.xml:164:9-170:20
	android:screenOrientation
		ADDED from src\main\AndroidManifest.xml:167:13-49
	android:label
		ADDED from src\main\AndroidManifest.xml:166:13-45
	android:launchMode
		ADDED from src\main\AndroidManifest.xml:168:13-42
	android:name
		ADDED from src\main\AndroidManifest.xml:165:13-75
activity#com.yhrjkf.woyundong.activity.ProductActivity
ADDED from src\main\AndroidManifest.xml:173:9-179:20
	android:screenOrientation
		ADDED from src\main\AndroidManifest.xml:176:13-49
	android:label
		ADDED from src\main\AndroidManifest.xml:175:13-45
	android:launchMode
		ADDED from src\main\AndroidManifest.xml:177:13-44
	android:name
		ADDED from src\main\AndroidManifest.xml:174:13-73
activity#com.yhrjkf.woyundong.activity.AboutUsActivity
ADDED from src\main\AndroidManifest.xml:180:10-186:20
	android:screenOrientation
		ADDED from src\main\AndroidManifest.xml:183:13-49
	android:label
		ADDED from src\main\AndroidManifest.xml:182:13-45
	android:launchMode
		ADDED from src\main\AndroidManifest.xml:184:13-44
	android:name
		ADDED from src\main\AndroidManifest.xml:181:13-73
activity#com.yhrjkf.woyundong.activity.TechnologyActivity
ADDED from src\main\AndroidManifest.xml:187:9-193:20
	android:screenOrientation
		ADDED from src\main\AndroidManifest.xml:190:13-49
	android:label
		ADDED from src\main\AndroidManifest.xml:189:13-45
	android:launchMode
		ADDED from src\main\AndroidManifest.xml:191:13-44
	android:name
		ADDED from src\main\AndroidManifest.xml:188:13-76
activity#com.yhrjkf.woyundong.activity.HistoryMapActivity
ADDED from src\main\AndroidManifest.xml:195:9-201:20
	android:screenOrientation
		ADDED from src\main\AndroidManifest.xml:198:13-49
	android:label
		ADDED from src\main\AndroidManifest.xml:197:13-45
	android:launchMode
		ADDED from src\main\AndroidManifest.xml:199:13-44
	android:name
		ADDED from src\main\AndroidManifest.xml:196:13-76
service#com.vise.xsnow.download.core.DownService
ADDED from [com.vise.xiaoyaoyou:xsnow:1.0.1] AndroidManifest.xml:20:9-76
	android:name
		ADDED from [com.vise.xiaoyaoyou:xsnow:1.0.1] AndroidManifest.xml:20:18-73
uses-permission#android.permission.DISABLE_KEYGUARD
ADDED from [com.vise.xiaoyaoyou:viseutils:1.0.0] AndroidManifest.xml:12:5-75
	android:name
		ADDED from [com.vise.xiaoyaoyou:viseutils:1.0.0] AndroidManifest.xml:12:22-72
uses-permission#android.permission.CAMERA
ADDED from [WoSport4:takephoto_library:1.4.3] AndroidManifest.xml:12:5-65
	android:name
		ADDED from [WoSport4:takephoto_library:1.4.3] AndroidManifest.xml:12:22-62
activity#com.soundcloud.android.crop.CropImageActivity
ADDED from [WoSport4:takephoto_library:1.4.3] AndroidManifest.xml:15:9-82
	android:name
		ADDED from [WoSport4:takephoto_library:1.4.3] AndroidManifest.xml:15:19-79
provider#android.support.v4.content.FileProvider
ADDED from [WoSport4:takephoto_library:1.4.3] AndroidManifest.xml:17:9-25:20
	android:authorities
		ADDED from [WoSport4:takephoto_library:1.4.3] AndroidManifest.xml:19:13-64
	android:grantUriPermissions
		ADDED from [WoSport4:takephoto_library:1.4.3] AndroidManifest.xml:21:13-47
	android:exported
		ADDED from [WoSport4:takephoto_library:1.4.3] AndroidManifest.xml:20:13-37
	android:name
		ADDED from [WoSport4:takephoto_library:1.4.3] AndroidManifest.xml:18:13-67
meta-data#android.support.FILE_PROVIDER_PATHS
ADDED from [WoSport4:takephoto_library:1.4.3] AndroidManifest.xml:22:13-24:54
	android:resource
		ADDED from [WoSport4:takephoto_library:1.4.3] AndroidManifest.xml:24:17-51
	android:name
		ADDED from [WoSport4:takephoto_library:1.4.3] AndroidManifest.xml:23:17-67
activity#com.darsh.multipleimageselect.activities.AlbumSelectActivity
ADDED from [com.darsh.multipleimageselect:multipleimageselect:1.0.4] AndroidManifest.xml:16:9-24:20
	android:label
		ADDED from [com.darsh.multipleimageselect:multipleimageselect:1.0.4] AndroidManifest.xml:19:13-45
	android:configChanges
		ADDED from [com.darsh.multipleimageselect:multipleimageselect:1.0.4] AndroidManifest.xml:18:13-59
	android:theme
		ADDED from [com.darsh.multipleimageselect:multipleimageselect:1.0.4] AndroidManifest.xml:20:13-60
	android:name
		ADDED from [com.darsh.multipleimageselect:multipleimageselect:1.0.4] AndroidManifest.xml:17:13-88
intent-filter#android.intent.category.DEFAULT
ADDED from [com.darsh.multipleimageselect:multipleimageselect:1.0.4] AndroidManifest.xml:21:13-23:29
category#android.intent.category.DEFAULT
ADDED from [com.darsh.multipleimageselect:multipleimageselect:1.0.4] AndroidManifest.xml:22:17-76
	android:name
		ADDED from [com.darsh.multipleimageselect:multipleimageselect:1.0.4] AndroidManifest.xml:22:27-73
activity#com.darsh.multipleimageselect.activities.ImageSelectActivity
ADDED from [com.darsh.multipleimageselect:multipleimageselect:1.0.4] AndroidManifest.xml:25:9-33:20
	android:label
		ADDED from [com.darsh.multipleimageselect:multipleimageselect:1.0.4] AndroidManifest.xml:28:13-45
	android:configChanges
		ADDED from [com.darsh.multipleimageselect:multipleimageselect:1.0.4] AndroidManifest.xml:27:13-59
	android:theme
		ADDED from [com.darsh.multipleimageselect:multipleimageselect:1.0.4] AndroidManifest.xml:29:13-60
	android:name
		ADDED from [com.darsh.multipleimageselect:multipleimageselect:1.0.4] AndroidManifest.xml:26:13-88
meta-data#android.support.VERSION
ADDED from [com.android.support:support-v4:26.0.0-alpha1] AndroidManifest.xml:25:5-27:41
MERGED from [com.android.support:support-media-compat:26.0.0-alpha1] AndroidManifest.xml:25:5-27:41
MERGED from [com.android.support:support-fragment:26.0.0-alpha1] AndroidManifest.xml:25:5-27:41
MERGED from [com.android.support:support-core-ui:26.0.0-alpha1] AndroidManifest.xml:25:5-27:41
MERGED from [com.android.support:support-core-utils:26.0.0-alpha1] AndroidManifest.xml:25:5-27:41
MERGED from [com.android.support:support-compat:26.0.0-alpha1] AndroidManifest.xml:25:5-27:41
	android:value
		ADDED from [com.android.support:support-v4:26.0.0-alpha1] AndroidManifest.xml:27:9-38
	android:name
		ADDED from [com.android.support:support-v4:26.0.0-alpha1] AndroidManifest.xml:26:9-47